#
# There is insufficient memory for the Java Runtime Environment to continue.
# Native memory allocation (malloc) failed to allocate 1048576 bytes. Error detail: AllocateHeap
# Possible reasons:
#   The system is out of physical RAM or swap space
#   This process is running with CompressedOops enabled, and the Java Heap may be blocking the growth of the native heap
# Possible solutions:
#   Reduce memory load on the system
#   Increase physical memory or swap space
#   Check if swap backing store is full
#   Decrease Java heap size (-Xmx/-Xms)
#   Decrease number of Java threads
#   Decrease Java thread stack sizes (-Xss)
#   Set larger code cache with -XX:ReservedCodeCacheSize=
#   JVM is running with Unscaled Compressed Oops mode in which the Java heap is
#     placed in the first 4GB address space. The Java Heap base address is the
#     maximum limit for the native heap growth. Please use -XX:HeapBaseMinAddress
#     to set the Java Heap base and to place the Java Heap above 4GB virtual address.
# This output file may be truncated or incomplete.
#
#  Out of Memory Error (allocation.cpp:44), pid=34336, tid=29248
#
# JRE version: OpenJDK Runtime Environment Temurin-21.0.10+7 (21.0.10+7) (build 21.0.10+7-LTS)
# Java VM: OpenJDK 64-Bit Server VM Temurin-21.0.10+7 (21.0.10+7-LTS, mixed mode, sharing, tiered, compressed oops, compressed class ptrs, parallel gc, windows-amd64)
# No core dump will be written. Minidumps are not enabled by default on client versions of Windows
#

---------------  S U M M A R Y ------------

Command Line: --add-modules=ALL-SYSTEM --add-opens=java.base/java.util=ALL-UNNAMED --add-opens=java.base/java.lang=ALL-UNNAMED --add-opens=java.base/sun.nio.fs=ALL-UNNAMED -Declipse.application=org.eclipse.jdt.ls.core.id1 -Dosgi.bundles.defaultStartLevel=4 -Declipse.product=org.eclipse.jdt.ls.core.product -Djava.import.generatesMetadataFilesAtProjectRoot=false -DDetectVMInstallationsJob.disabled=true -Dfile.encoding=utf8 -XX:+UseParallelGC -XX:GCTimeRatio=4 -XX:AdaptiveSizePolicyWeight=90 -Dsun.zip.disableMemoryMapping=true -Xmx2G -Xms100m -Xlog:disable -javaagent:c:\Users\bharath.kankarla\.vscode\extensions\redhat.java-1.54.0-win32-x64\lombok\lombok-1.18.39-4050.jar -XX:+HeapDumpOnOutOfMemoryError -XX:HeapDumpPath=c:\Users\bharath.kankarla\AppData\Roaming\Code\User\workspaceStorage\4c16e9bbfbd007fba7f467f0f456cc4e\redhat.java -Daether.dependencyCollector.impl=bf c:\Users\bharath.kankarla\.vscode\extensions\redhat.java-1.54.0-win32-x64\server\plugins\org.eclipse.equinox.launcher_1.7.100.v20251111-0406.jar -configuration c:\Users\bharath.kankarla\AppData\Roaming\Code\User\globalStorage\redhat.java\1.54.0\config_win -data c:\Users\bharath.kankarla\AppData\Roaming\Code\User\workspaceStorage\4c16e9bbfbd007fba7f467f0f456cc4e\redhat.java\jdt_ws --pipe=\\.\pipe\lsp-ad0b8859e6f4bd2ecb4087175797f6ec-sock

Host: 13th Gen Intel(R) Core(TM) i5-1335U, 12 cores, 15G,  Windows 11 , 64 bit Build 26100 (10.0.26100.7920)
Time: Thu Apr 16 16:25:47 2026 India Standard Time elapsed time: 831.262260 seconds (0d 0h 13m 51s)

---------------  T H R E A D  ---------------

Current thread (0x000001c036016a90):  JavaThread "Attach Listener" daemon [_thread_in_vm, id=29248, stack(0x0000004e2da00000,0x0000004e2db00000) (1024K)]

Stack: [0x0000004e2da00000,0x0000004e2db00000]
Native frames: (J=compiled Java code, j=interpreted, Vv=VM code, C=native code)
V  [jvm.dll+0x6d7a39]
V  [jvm.dll+0x8b4b26]
V  [jvm.dll+0x8b70de]
V  [jvm.dll+0x8b77c3]
V  [jvm.dll+0x284346]
V  [jvm.dll+0xc1277]
V  [jvm.dll+0x6d82e9]
V  [jvm.dll+0x1334a6]
V  [jvm.dll+0x3f857e]
V  [jvm.dll+0x85f59d]
V  [jvm.dll+0x6d626d]
C  [ucrtbase.dll+0x37b0]
C  [KERNEL32.DLL+0x2e8d7]
C  [ntdll.dll+0x8c48c]


---------------  P R O C E S S  ---------------

Threads class SMR info:
_java_thread_list=0x000001c094d771c0, length=38, elements={
0x000001c03607e5a0, 0x000001c03600d6d0, 0x000001c0360118d0, 0x000001c036014e60,
0x000001c036016a90, 0x000001c03601c9b0, 0x000001c03601d040, 0x000001c08edfcab0,
0x000001c08ee03340, 0x000001c03601a8e0, 0x000001c03601d6d0, 0x000001c03601af70,
0x000001c03601bc90, 0x000001c03601b600, 0x000001c03601a250, 0x000001c03601c320,
0x000001c094bf4c60, 0x000001c094bf7a50, 0x000001c094bf45d0, 0x000001c094bf80e0,
0x000001c094bf66a0, 0x000001c094bf8e00, 0x000001c094bfa1b0, 0x000001c094bfa840,
0x000001c094bfaed0, 0x000001c094bfb560, 0x000001c094bfbbf0, 0x000001c097bec600,
0x000001c097bebf70, 0x000001c097becc90, 0x000001c097bea530, 0x000001c097beb8e0,
0x000001c097bed320, 0x000001c097be9ea0, 0x000001c097bed9b0, 0x000001c097beb250,
0x000001c097bee040, 0x000001c097f38520
}

Java Threads: ( => current thread )
  0x000001c03607e5a0 JavaThread "main"                              [_thread_blocked, id=4456, stack(0x0000004e2d300000,0x0000004e2d400000) (1024K)]
  0x000001c03600d6d0 JavaThread "Reference Handler"          daemon [_thread_blocked, id=27716, stack(0x0000004e2d700000,0x0000004e2d800000) (1024K)]
  0x000001c0360118d0 JavaThread "Finalizer"                  daemon [_thread_blocked, id=33520, stack(0x0000004e2d800000,0x0000004e2d900000) (1024K)]
  0x000001c036014e60 JavaThread "Signal Dispatcher"          daemon [_thread_blocked, id=34100, stack(0x0000004e2d900000,0x0000004e2da00000) (1024K)]
=>0x000001c036016a90 JavaThread "Attach Listener"            daemon [_thread_in_vm, id=29248, stack(0x0000004e2da00000,0x0000004e2db00000) (1024K)]
  0x000001c03601c9b0 JavaThread "Service Thread"             daemon [_thread_blocked, id=20016, stack(0x0000004e2db00000,0x0000004e2dc00000) (1024K)]
  0x000001c03601d040 JavaThread "Monitor Deflation Thread"   daemon [_thread_blocked, id=15300, stack(0x0000004e2dc00000,0x0000004e2dd00000) (1024K)]
  0x000001c08edfcab0 JavaThread "C2 CompilerThread0"         daemon [_thread_blocked, id=14840, stack(0x0000004e2dd00000,0x0000004e2de00000) (1024K)]
  0x000001c08ee03340 JavaThread "C1 CompilerThread0"         daemon [_thread_blocked, id=25456, stack(0x0000004e2de00000,0x0000004e2df00000) (1024K)]
  0x000001c03601a8e0 JavaThread "Common-Cleaner"             daemon [_thread_blocked, id=34780, stack(0x0000004e2e000000,0x0000004e2e100000) (1024K)]
  0x000001c03601d6d0 JavaThread "Notification Thread"        daemon [_thread_blocked, id=32996, stack(0x0000004e2e100000,0x0000004e2e200000) (1024K)]
  0x000001c03601af70 JavaThread "Active Thread: Equinox Container: 886079f4-2406-405a-b6fd-80b262310f3d"        [_thread_blocked, id=27248, stack(0x0000004e2e900000,0x0000004e2ea00000) (1024K)]
  0x000001c03601bc90 JavaThread "Refresh Thread: Equinox Container: 886079f4-2406-405a-b6fd-80b262310f3d" daemon [_thread_blocked, id=940, stack(0x0000004e2e200000,0x0000004e2e300000) (1024K)]
  0x000001c03601b600 JavaThread "Framework Event Dispatcher: Equinox Container: 886079f4-2406-405a-b6fd-80b262310f3d" daemon [_thread_blocked, id=31064, stack(0x0000004e2ea00000,0x0000004e2eb00000) (1024K)]
  0x000001c03601a250 JavaThread "Start Level: Equinox Container: 886079f4-2406-405a-b6fd-80b262310f3d" daemon [_thread_blocked, id=6816, stack(0x0000004e2eb00000,0x0000004e2ec00000) (1024K)]
  0x000001c03601c320 JavaThread "Bundle File Closer"         daemon [_thread_blocked, id=34632, stack(0x0000004e2ef00000,0x0000004e2f000000) (1024K)]
  0x000001c094bf4c60 JavaThread "SCR Component Actor"        daemon [_thread_blocked, id=19620, stack(0x0000004e2ec00000,0x0000004e2ed00000) (1024K)]
  0x000001c094bf7a50 JavaThread "Worker-JM"                         [_thread_blocked, id=22260, stack(0x0000004e2f100000,0x0000004e2f200000) (1024K)]
  0x000001c094bf45d0 JavaThread "JNA Cleaner"                daemon [_thread_blocked, id=22232, stack(0x0000004e2f200000,0x0000004e2f300000) (1024K)]
  0x000001c094bf80e0 JavaThread "Worker-1"                          [_thread_blocked, id=20296, stack(0x0000004e2f400000,0x0000004e2f500000) (1024K)]
  0x000001c094bf66a0 JavaThread "Java indexing"              daemon [_thread_blocked, id=34248, stack(0x0000004e2f700000,0x0000004e2f800000) (1024K)]
  0x000001c094bf8e00 JavaThread "Thread-1"                   daemon [_thread_in_native, id=28080, stack(0x0000004e2fd00000,0x0000004e2fe00000) (1024K)]
  0x000001c094bfa1b0 JavaThread "Thread-2"                   daemon [_thread_in_native, id=17036, stack(0x0000004e2fe00000,0x0000004e2ff00000) (1024K)]
  0x000001c094bfa840 JavaThread "Thread-3"                   daemon [_thread_in_native, id=32320, stack(0x0000004e2ff00000,0x0000004e30000000) (1024K)]
  0x000001c094bfaed0 JavaThread "Thread-4"                   daemon [_thread_in_native, id=26344, stack(0x0000004e30000000,0x0000004e30100000) (1024K)]
  0x000001c094bfb560 JavaThread "Thread-5"                   daemon [_thread_in_native, id=14008, stack(0x0000004e30100000,0x0000004e30200000) (1024K)]
  0x000001c094bfbbf0 JavaThread "Thread-6"                   daemon [_thread_in_native, id=10224, stack(0x0000004e30200000,0x0000004e30300000) (1024K)]
  0x000001c097bec600 JavaThread "Thread-7"                   daemon [_thread_in_native, id=23104, stack(0x0000004e30300000,0x0000004e30400000) (1024K)]
  0x000001c097bebf70 JavaThread "Thread-8"                   daemon [_thread_in_native, id=9296, stack(0x0000004e30400000,0x0000004e30500000) (1024K)]
  0x000001c097becc90 JavaThread "Thread-9"                   daemon [_thread_in_native, id=28540, stack(0x0000004e30500000,0x0000004e30600000) (1024K)]
  0x000001c097bea530 JavaThread "Thread-10"                  daemon [_thread_in_native, id=32932, stack(0x0000004e30600000,0x0000004e30700000) (1024K)]
  0x000001c097beb8e0 JavaThread "Thread-11"                  daemon [_thread_in_native, id=26196, stack(0x0000004e30700000,0x0000004e30800000) (1024K)]
  0x000001c097bed320 JavaThread "Thread-12"                  daemon [_thread_in_native, id=17832, stack(0x0000004e30800000,0x0000004e30900000) (1024K)]
  0x000001c097be9ea0 JavaThread "Thread-13"                  daemon [_thread_in_native, id=2248, stack(0x0000004e30900000,0x0000004e30a00000) (1024K)]
  0x000001c097bed9b0 JavaThread "pool-2-thread-1"                   [_thread_blocked, id=15232, stack(0x0000004e30a00000,0x0000004e30b00000) (1024K)]
  0x000001c097beb250 JavaThread "WorkspaceEventsHandler"            [_thread_blocked, id=16180, stack(0x0000004e30b00000,0x0000004e30c00000) (1024K)]
  0x000001c097bee040 JavaThread "pool-1-thread-1"                   [_thread_blocked, id=9292, stack(0x0000004e30c00000,0x0000004e30d00000) (1024K)]
  0x000001c097f38520 JavaThread "Worker-6"                          [_thread_blocked, id=29916, stack(0x0000004e2f500000,0x0000004e2f600000) (1024K)]
Total: 38

Other Threads:
  0x000001c036003cc0 VMThread "VM Thread"                           [id=32708, stack(0x0000004e2d600000,0x0000004e2d700000) (1024K)]
  0x000001c035efc8d0 WatcherThread "VM Periodic Task Thread"        [id=27556, stack(0x0000004e2d500000,0x0000004e2d600000) (1024K)]
  0x000001c036096020 WorkerThread "GC Thread#0"                     [id=32584, stack(0x0000004e2d400000,0x0000004e2d500000) (1024K)]
  0x000001c09465c940 WorkerThread "GC Thread#1"                     [id=34568, stack(0x0000004e2e300000,0x0000004e2e400000) (1024K)]
  0x000001c0941a80d0 WorkerThread "GC Thread#2"                     [id=32512, stack(0x0000004e2e400000,0x0000004e2e500000) (1024K)]
  0x000001c094473f00 WorkerThread "GC Thread#3"                     [id=30648, stack(0x0000004e2e500000,0x0000004e2e600000) (1024K)]
  0x000001c0944746c0 WorkerThread "GC Thread#4"                     [id=33764, stack(0x0000004e2e600000,0x0000004e2e700000) (1024K)]
  0x000001c094474a70 WorkerThread "GC Thread#5"                     [id=10456, stack(0x0000004e2e700000,0x0000004e2e800000) (1024K)]
  0x000001c094474e20 WorkerThread "GC Thread#6"                     [id=5496, stack(0x0000004e2e800000,0x0000004e2e900000) (1024K)]
  0x000001c0946a9a90 WorkerThread "GC Thread#7"                     [id=14400, stack(0x0000004e2df00000,0x0000004e2e000000) (1024K)]
  0x000001c094b96550 WorkerThread "GC Thread#8"                     [id=34600, stack(0x0000004e2ed00000,0x0000004e2ee00000) (1024K)]
  0x000001c094e39040 WorkerThread "GC Thread#9"                     [id=26952, stack(0x0000004e2ee00000,0x0000004e2ef00000) (1024K)]
Total: 12

Threads with active compile tasks:
Total: 0

VM state: not at safepoint (normal execution)

VM Mutex/Monitor currently owned by a thread: None

Heap address: 0x0000000080000000, size: 2048 MB, Compressed Oops mode: 32-bit

CDS archive(s) mapped at: [0x000001c04d000000-0x000001c04dba0000-0x000001c04dba0000), size 12189696, SharedBaseAddress: 0x000001c04d000000, ArchiveRelocationMode: 1.
Compressed class space mapped at: 0x000001c04e000000-0x000001c08e000000, reserved size: 1073741824
Narrow klass base: 0x000001c04d000000, Narrow klass shift: 0, Narrow klass range: 0x100000000

GC Precious Log:
 CardTable entry size: 512
 CPUs: 12 total, 12 available
 Memory: 16068M
 Large Page Support: Disabled
 NUMA Support: Disabled
 Compressed Oops: Enabled (32-bit)
 Alignments: Space 512K, Generation 512K, Heap 2M
 Heap Min Capacity: 100M
 Heap Initial Capacity: 100M
 Heap Max Capacity: 2G
 Pre-touch: Disabled
 Parallel Workers: 10

Heap:
 PSYoungGen      total 13824K, used 11596K [0x00000000d5580000, 0x00000000d6500000, 0x0000000100000000)
  eden space 13312K, 84% used [0x00000000d5580000,0x00000000d6080ff0,0x00000000d6280000)
  from space 512K, 64% used [0x00000000d6480000,0x00000000d64d2400,0x00000000d6500000)
  to   space 512K, 0% used [0x00000000d6400000,0x00000000d6400000,0x00000000d6480000)
 ParOldGen       total 125952K, used 125626K [0x0000000080000000, 0x0000000087b00000, 0x00000000d5580000)
  object space 125952K, 99% used [0x0000000080000000,0x0000000087aae830,0x0000000087b00000)
 Metaspace       used 67990K, committed 69504K, reserved 1114112K
  class space    used 7135K, committed 7808K, reserved 1048576K

Card table byte_map: [0x000001c035a10000,0x000001c035e20000] _byte_map_base: 0x000001c035610000

Marking Bits: (ParMarkBitMap*) 0x00007ff882803450
 Begin Bits: [0x000001c048520000, 0x000001c04a520000)
 End Bits:   [0x000001c04a520000, 0x000001c04c520000)

Polling page: 0x000001c033e70000

Metaspace:

Usage:
  Non-class:     59.43 MB used.
      Class:      6.97 MB used.
       Both:     66.40 MB used.

Virtual space:
  Non-class space:       64.00 MB reserved,      60.25 MB ( 94%) committed,  1 nodes.
      Class space:        1.00 GB reserved,       7.62 MB ( <1%) committed,  1 nodes.
             Both:        1.06 GB reserved,      67.88 MB (  6%) committed. 

Chunk freelists:
   Non-Class:  3.63 MB
       Class:  8.35 MB
        Both:  11.97 MB

MaxMetaspaceSize: unlimited
CompressedClassSpaceSize: 1.00 GB
Initial GC threshold: 21.00 MB
Current GC threshold: 97.31 MB
CDS: on
 - commit_granule_bytes: 65536.
 - commit_granule_words: 8192.
 - virtual_space_node_default_size: 8388608.
 - enlarge_chunks_in_place: 1.
 - use_allocation_guard: 0.


Internal statistics:

num_allocs_failed_limit: 9.
num_arena_births: 1314.
num_arena_deaths: 22.
num_vsnodes_births: 2.
num_vsnodes_deaths: 0.
num_space_committed: 1086.
num_space_uncommitted: 0.
num_chunks_returned_to_freelist: 34.
num_chunks_taken_from_freelist: 4678.
num_chunk_merges: 17.
num_chunk_splits: 2778.
num_chunks_enlarged: 1442.
num_inconsistent_stats: 0.

CodeHeap 'non-profiled nmethods': size=120000Kb used=9893Kb max_used=9893Kb free=110107Kb
 bounds [0x000001c040d40000, 0x000001c0416f0000, 0x000001c048270000]
CodeHeap 'profiled nmethods': size=120000Kb used=28338Kb max_used=28338Kb free=91661Kb
 bounds [0x000001c039270000, 0x000001c03ae20000, 0x000001c0407a0000]
CodeHeap 'non-nmethods': size=5760Kb used=1450Kb max_used=1555Kb free=4309Kb
 bounds [0x000001c0407a0000, 0x000001c040a10000, 0x000001c040d40000]
CodeCache: size=245760Kb, used=39681Kb, max_used=39786Kb, free=206077Kb
 total_blobs=12916, nmethods=12150, adapters=671, full_count=0
Compilation: enabled, stopped_count=0, restarted_count=0

Compilation events (20 events):
Event: 451.698 Thread 0x000001c08edfcab0 13015       4       java.lang.invoke.VarHandleReferences$FieldInstanceReadWrite::compareAndSet (48 bytes)
Event: 451.704 Thread 0x000001c08edfcab0 nmethod 13015 0x000001c0416e8190 code [0x000001c0416e8340, 0x000001c0416e8628]
Event: 477.628 Thread 0x000001c08ee03340 13016       3       java.util.concurrent.locks.LockSupport::setCurrentBlocker (14 bytes)
Event: 477.629 Thread 0x000001c08ee03340 nmethod 13016 0x000001c03ae18d90 code [0x000001c03ae18f40, 0x000001c03ae19168]
Event: 481.704 Thread 0x000001c08ee03340 13017       3       java.util.concurrent.ThreadPoolExecutor$Worker::lock (6 bytes)
Event: 481.705 Thread 0x000001c08ee03340 nmethod 13017 0x000001c03ae19210 code [0x000001c03ae193c0, 0x000001c03ae19500]
Event: 481.705 Thread 0x000001c08ee03340 13018       3       java.util.concurrent.locks.ReentrantLock::lockInterruptibly (8 bytes)
Event: 481.708 Thread 0x000001c08ee03340 nmethod 13018 0x000001c03ae19590 code [0x000001c03ae197a0, 0x000001c03ae19d28]
Event: 499.324 Thread 0x000001c08ee03340 13019       3       java.util.concurrent.atomic.AtomicLong::weakCompareAndSetVolatile (13 bytes)
Event: 499.325 Thread 0x000001c08ee03340 nmethod 13019 0x000001c03ae19f10 code [0x000001c03ae1a0c0, 0x000001c03ae1a220]
Event: 523.904 Thread 0x000001c08edfcab0 13020       4       java.util.concurrent.ConcurrentHashMap::get (162 bytes)
Event: 523.917 Thread 0x000001c08edfcab0 nmethod 13020 0x000001c0416e8810 code [0x000001c0416e89e0, 0x000001c0416e8d60]
Event: 572.782 Thread 0x000001c08ee03340 13021   !   3       java.util.concurrent.ThreadPoolExecutor::getTask (177 bytes)
Event: 572.786 Thread 0x000001c08ee03340 nmethod 13021 0x000001c03ae1a310 code [0x000001c03ae1a5c0, 0x000001c03ae1b3f0]
Event: 612.817 Thread 0x000001c08ee03340 13022       3       java.util.concurrent.ScheduledThreadPoolExecutor$ScheduledFutureTask::getDelay (16 bytes)
Event: 612.817 Thread 0x000001c08ee03340 nmethod 13022 0x000001c03ae1b890 code [0x000001c03ae1ba40, 0x000001c03ae1bbd8]
Event: 613.934 Thread 0x000001c08ee03340 13023       3       jdk.internal.misc.VM::isSystemDomainLoader (17 bytes)
Event: 613.936 Thread 0x000001c08ee03340 nmethod 13023 0x000001c03ae1bc90 code [0x000001c03ae1be60, 0x000001c03ae1c1c8]
Event: 802.987 Thread 0x000001c08ee03340 13025       3       java.util.Optional::of (12 bytes)
Event: 802.988 Thread 0x000001c08ee03340 nmethod 13025 0x000001c03ae1c310 code [0x000001c03ae1c4e0, 0x000001c03ae1c858]

GC Heap History (20 events):
Event: 56.288 GC heap before
{Heap before GC invocations=226 (full 3):
 PSYoungGen      total 13824K, used 13009K [0x00000000d5580000, 0x00000000d6580000, 0x0000000100000000)
  eden space 13312K, 95% used [0x00000000d5580000,0x00000000d61e22e0,0x00000000d6280000)
  from space 512K, 64% used [0x00000000d6500000,0x00000000d6552400,0x00000000d6580000)
  to   space 512K, 0% used [0x00000000d6480000,0x00000000d6480000,0x00000000d6500000)
 ParOldGen       total 124416K, used 124018K [0x0000000080000000, 0x0000000087980000, 0x00000000d5580000)
  object space 124416K, 99% used [0x0000000080000000,0x000000008791c9b0,0x0000000087980000)
 Metaspace       used 67501K, committed 69056K, reserved 1114112K
  class space    used 7104K, committed 7808K, reserved 1048576K
}
Event: 56.291 GC heap after
{Heap after GC invocations=226 (full 3):
 PSYoungGen      total 13824K, used 489K [0x00000000d5580000, 0x00000000d6580000, 0x0000000100000000)
  eden space 13312K, 0% used [0x00000000d5580000,0x00000000d5580000,0x00000000d6280000)
  from space 512K, 95% used [0x00000000d6480000,0x00000000d64fa400,0x00000000d6500000)
  to   space 512K, 0% used [0x00000000d6500000,0x00000000d6500000,0x00000000d6580000)
 ParOldGen       total 124416K, used 124098K [0x0000000080000000, 0x0000000087980000, 0x00000000d5580000)
  object space 124416K, 99% used [0x0000000080000000,0x00000000879309b0,0x0000000087980000)
 Metaspace       used 67501K, committed 69056K, reserved 1114112K
  class space    used 7104K, committed 7808K, reserved 1048576K
}
Event: 56.369 GC heap before
{Heap before GC invocations=227 (full 3):
 PSYoungGen      total 13824K, used 13801K [0x00000000d5580000, 0x00000000d6580000, 0x0000000100000000)
  eden space 13312K, 100% used [0x00000000d5580000,0x00000000d6280000,0x00000000d6280000)
  from space 512K, 95% used [0x00000000d6480000,0x00000000d64fa400,0x00000000d6500000)
  to   space 512K, 0% used [0x00000000d6500000,0x00000000d6500000,0x00000000d6580000)
 ParOldGen       total 124416K, used 124098K [0x0000000080000000, 0x0000000087980000, 0x00000000d5580000)
  object space 124416K, 99% used [0x0000000080000000,0x00000000879309b0,0x0000000087980000)
 Metaspace       used 67513K, committed 69056K, reserved 1114112K
  class space    used 7104K, committed 7808K, reserved 1048576K
}
Event: 56.371 GC heap after
{Heap after GC invocations=227 (full 3):
 PSYoungGen      total 13824K, used 489K [0x00000000d5580000, 0x00000000d6580000, 0x0000000100000000)
  eden space 13312K, 0% used [0x00000000d5580000,0x00000000d5580000,0x00000000d6280000)
  from space 512K, 95% used [0x00000000d6500000,0x00000000d657a400,0x00000000d6580000)
  to   space 1024K, 0% used [0x00000000d6380000,0x00000000d6380000,0x00000000d6480000)
 ParOldGen       total 124928K, used 124429K [0x0000000080000000, 0x0000000087a00000, 0x00000000d5580000)
  object space 124928K, 99% used [0x0000000080000000,0x00000000879835e8,0x0000000087a00000)
 Metaspace       used 67513K, committed 69056K, reserved 1114112K
  class space    used 7104K, committed 7808K, reserved 1048576K
}
Event: 56.554 GC heap before
{Heap before GC invocations=228 (full 3):
 PSYoungGen      total 13824K, used 13801K [0x00000000d5580000, 0x00000000d6580000, 0x0000000100000000)
  eden space 13312K, 100% used [0x00000000d5580000,0x00000000d6280000,0x00000000d6280000)
  from space 512K, 95% used [0x00000000d6500000,0x00000000d657a400,0x00000000d6580000)
  to   space 1024K, 0% used [0x00000000d6380000,0x00000000d6380000,0x00000000d6480000)
 ParOldGen       total 124928K, used 124429K [0x0000000080000000, 0x0000000087a00000, 0x00000000d5580000)
  object space 124928K, 99% used [0x0000000080000000,0x00000000879835e8,0x0000000087a00000)
 Metaspace       used 67557K, committed 69120K, reserved 1114112K
  class space    used 7104K, committed 7808K, reserved 1048576K
}
Event: 56.557 GC heap after
{Heap after GC invocations=228 (full 3):
 PSYoungGen      total 14336K, used 553K [0x00000000d5580000, 0x00000000d6580000, 0x0000000100000000)
  eden space 13312K, 0% used [0x00000000d5580000,0x00000000d5580000,0x00000000d6280000)
  from space 1024K, 54% used [0x00000000d6380000,0x00000000d640a400,0x00000000d6480000)
  to   space 1024K, 0% used [0x00000000d6480000,0x00000000d6480000,0x00000000d6580000)
 ParOldGen       total 125440K, used 124957K [0x0000000080000000, 0x0000000087a80000, 0x00000000d5580000)
  object space 125440K, 99% used [0x0000000080000000,0x0000000087a07400,0x0000000087a80000)
 Metaspace       used 67557K, committed 69120K, reserved 1114112K
  class space    used 7104K, committed 7808K, reserved 1048576K
}
Event: 56.673 GC heap before
{Heap before GC invocations=229 (full 3):
 PSYoungGen      total 14336K, used 12525K [0x00000000d5580000, 0x00000000d6580000, 0x0000000100000000)
  eden space 13312K, 89% used [0x00000000d5580000,0x00000000d61310e8,0x00000000d6280000)
  from space 1024K, 54% used [0x00000000d6380000,0x00000000d640a400,0x00000000d6480000)
  to   space 1024K, 0% used [0x00000000d6480000,0x00000000d6480000,0x00000000d6580000)
 ParOldGen       total 125440K, used 124957K [0x0000000080000000, 0x0000000087a80000, 0x00000000d5580000)
  object space 125440K, 99% used [0x0000000080000000,0x0000000087a07400,0x0000000087a80000)
 Metaspace       used 67578K, committed 69120K, reserved 1114112K
  class space    used 7104K, committed 7808K, reserved 1048576K
}
Event: 56.676 GC heap after
{Heap after GC invocations=229 (full 3):
 PSYoungGen      total 13824K, used 361K [0x00000000d5580000, 0x00000000d6500000, 0x0000000100000000)
  eden space 13312K, 0% used [0x00000000d5580000,0x00000000d5580000,0x00000000d6280000)
  from space 512K, 70% used [0x00000000d6480000,0x00000000d64da400,0x00000000d6500000)
  to   space 512K, 0% used [0x00000000d6400000,0x00000000d6400000,0x00000000d6480000)
 ParOldGen       total 125440K, used 125125K [0x0000000080000000, 0x0000000087a80000, 0x00000000d5580000)
  object space 125440K, 99% used [0x0000000080000000,0x0000000087a31400,0x0000000087a80000)
 Metaspace       used 67578K, committed 69120K, reserved 1114112K
  class space    used 7104K, committed 7808K, reserved 1048576K
}
Event: 56.773 GC heap before
{Heap before GC invocations=230 (full 3):
 PSYoungGen      total 13824K, used 13673K [0x00000000d5580000, 0x00000000d6500000, 0x0000000100000000)
  eden space 13312K, 100% used [0x00000000d5580000,0x00000000d6280000,0x00000000d6280000)
  from space 512K, 70% used [0x00000000d6480000,0x00000000d64da400,0x00000000d6500000)
  to   space 512K, 0% used [0x00000000d6400000,0x00000000d6400000,0x00000000d6480000)
 ParOldGen       total 125440K, used 125125K [0x0000000080000000, 0x0000000087a80000, 0x00000000d5580000)
  object space 125440K, 99% used [0x0000000080000000,0x0000000087a31400,0x0000000087a80000)
 Metaspace       used 67586K, committed 69120K, reserved 1114112K
  class space    used 7104K, committed 7808K, reserved 1048576K
}
Event: 56.775 GC heap after
{Heap after GC invocations=230 (full 3):
 PSYoungGen      total 13824K, used 425K [0x00000000d5580000, 0x00000000d6500000, 0x0000000100000000)
  eden space 13312K, 0% used [0x00000000d5580000,0x00000000d5580000,0x00000000d6280000)
  from space 512K, 83% used [0x00000000d6400000,0x00000000d646a400,0x00000000d6480000)
  to   space 512K, 0% used [0x00000000d6480000,0x00000000d6480000,0x00000000d6500000)
 ParOldGen       total 125440K, used 125197K [0x0000000080000000, 0x0000000087a80000, 0x00000000d5580000)
  object space 125440K, 99% used [0x0000000080000000,0x0000000087a43400,0x0000000087a80000)
 Metaspace       used 67586K, committed 69120K, reserved 1114112K
  class space    used 7104K, committed 7808K, reserved 1048576K
}
Event: 57.043 GC heap before
{Heap before GC invocations=231 (full 3):
 PSYoungGen      total 13824K, used 13737K [0x00000000d5580000, 0x00000000d6500000, 0x0000000100000000)
  eden space 13312K, 100% used [0x00000000d5580000,0x00000000d6280000,0x00000000d6280000)
  from space 512K, 83% used [0x00000000d6400000,0x00000000d646a400,0x00000000d6480000)
  to   space 512K, 0% used [0x00000000d6480000,0x00000000d6480000,0x00000000d6500000)
 ParOldGen       total 125440K, used 125197K [0x0000000080000000, 0x0000000087a80000, 0x00000000d5580000)
  object space 125440K, 99% used [0x0000000080000000,0x0000000087a43400,0x0000000087a80000)
 Metaspace       used 67605K, committed 69120K, reserved 1114112K
  class space    used 7104K, committed 7808K, reserved 1048576K
}
Event: 57.045 GC heap after
{Heap after GC invocations=231 (full 3):
 PSYoungGen      total 13824K, used 457K [0x00000000d5580000, 0x00000000d6500000, 0x0000000100000000)
  eden space 13312K, 0% used [0x00000000d5580000,0x00000000d5580000,0x00000000d6280000)
  from space 512K, 89% used [0x00000000d6480000,0x00000000d64f2400,0x00000000d6500000)
  to   space 512K, 0% used [0x00000000d6400000,0x00000000d6400000,0x00000000d6480000)
 ParOldGen       total 125440K, used 125285K [0x0000000080000000, 0x0000000087a80000, 0x00000000d5580000)
  object space 125440K, 99% used [0x0000000080000000,0x0000000087a59400,0x0000000087a80000)
 Metaspace       used 67605K, committed 69120K, reserved 1114112K
  class space    used 7104K, committed 7808K, reserved 1048576K
}
Event: 57.185 GC heap before
{Heap before GC invocations=232 (full 3):
 PSYoungGen      total 13824K, used 12372K [0x00000000d5580000, 0x00000000d6500000, 0x0000000100000000)
  eden space 13312K, 89% used [0x00000000d5580000,0x00000000d6122e68,0x00000000d6280000)
  from space 512K, 89% used [0x00000000d6480000,0x00000000d64f2400,0x00000000d6500000)
  to   space 512K, 0% used [0x00000000d6400000,0x00000000d6400000,0x00000000d6480000)
 ParOldGen       total 125440K, used 125285K [0x0000000080000000, 0x0000000087a80000, 0x00000000d5580000)
  object space 125440K, 99% used [0x0000000080000000,0x0000000087a59400,0x0000000087a80000)
 Metaspace       used 67617K, committed 69184K, reserved 1114112K
  class space    used 7104K, committed 7808K, reserved 1048576K
}
Event: 57.187 GC heap after
{Heap after GC invocations=232 (full 3):
 PSYoungGen      total 13824K, used 393K [0x00000000d5580000, 0x00000000d6500000, 0x0000000100000000)
  eden space 13312K, 0% used [0x00000000d5580000,0x00000000d5580000,0x00000000d6280000)
  from space 512K, 76% used [0x00000000d6400000,0x00000000d6462400,0x00000000d6480000)
  to   space 512K, 0% used [0x00000000d6480000,0x00000000d6480000,0x00000000d6500000)
 ParOldGen       total 125440K, used 125389K [0x0000000080000000, 0x0000000087a80000, 0x00000000d5580000)
  object space 125440K, 99% used [0x0000000080000000,0x0000000087a73400,0x0000000087a80000)
 Metaspace       used 67617K, committed 69184K, reserved 1114112K
  class space    used 7104K, committed 7808K, reserved 1048576K
}
Event: 57.311 GC heap before
{Heap before GC invocations=233 (full 3):
 PSYoungGen      total 13824K, used 13705K [0x00000000d5580000, 0x00000000d6500000, 0x0000000100000000)
  eden space 13312K, 100% used [0x00000000d5580000,0x00000000d6280000,0x00000000d6280000)
  from space 512K, 76% used [0x00000000d6400000,0x00000000d6462400,0x00000000d6480000)
  to   space 512K, 0% used [0x00000000d6480000,0x00000000d6480000,0x00000000d6500000)
 ParOldGen       total 125440K, used 125389K [0x0000000080000000, 0x0000000087a80000, 0x00000000d5580000)
  object space 125440K, 99% used [0x0000000080000000,0x0000000087a73400,0x0000000087a80000)
 Metaspace       used 67622K, committed 69184K, reserved 1114112K
  class space    used 7104K, committed 7808K, reserved 1048576K
}
Event: 57.312 GC heap after
{Heap after GC invocations=233 (full 3):
 PSYoungGen      total 13824K, used 256K [0x00000000d5580000, 0x00000000d6500000, 0x0000000100000000)
  eden space 13312K, 0% used [0x00000000d5580000,0x00000000d5580000,0x00000000d6280000)
  from space 512K, 50% used [0x00000000d6480000,0x00000000d64c0000,0x00000000d6500000)
  to   space 512K, 0% used [0x00000000d6400000,0x00000000d6400000,0x00000000d6480000)
 ParOldGen       total 125952K, used 125461K [0x0000000080000000, 0x0000000087b00000, 0x00000000d5580000)
  object space 125952K, 99% used [0x0000000080000000,0x0000000087a85400,0x0000000087b00000)
 Metaspace       used 67622K, committed 69184K, reserved 1114112K
  class space    used 7104K, committed 7808K, reserved 1048576K
}
Event: 57.417 GC heap before
{Heap before GC invocations=234 (full 3):
 PSYoungGen      total 13824K, used 13568K [0x00000000d5580000, 0x00000000d6500000, 0x0000000100000000)
  eden space 13312K, 100% used [0x00000000d5580000,0x00000000d6280000,0x00000000d6280000)
  from space 512K, 50% used [0x00000000d6480000,0x00000000d64c0000,0x00000000d6500000)
  to   space 512K, 0% used [0x00000000d6400000,0x00000000d6400000,0x00000000d6480000)
 ParOldGen       total 125952K, used 125461K [0x0000000080000000, 0x0000000087b00000, 0x00000000d5580000)
  object space 125952K, 99% used [0x0000000080000000,0x0000000087a85400,0x0000000087b00000)
 Metaspace       used 67658K, committed 69184K, reserved 1114112K
  class space    used 7104K, committed 7808K, reserved 1048576K
}
Event: 57.418 GC heap after
{Heap after GC invocations=234 (full 3):
 PSYoungGen      total 13824K, used 457K [0x00000000d5580000, 0x00000000d6500000, 0x0000000100000000)
  eden space 13312K, 0% used [0x00000000d5580000,0x00000000d5580000,0x00000000d6280000)
  from space 512K, 89% used [0x00000000d6400000,0x00000000d6472400,0x00000000d6480000)
  to   space 512K, 0% used [0x00000000d6480000,0x00000000d6480000,0x00000000d6500000)
 ParOldGen       total 125952K, used 125538K [0x0000000080000000, 0x0000000087b00000, 0x00000000d5580000)
  object space 125952K, 99% used [0x0000000080000000,0x0000000087a98830,0x0000000087b00000)
 Metaspace       used 67658K, committed 69184K, reserved 1114112K
  class space    used 7104K, committed 7808K, reserved 1048576K
}
Event: 57.524 GC heap before
{Heap before GC invocations=235 (full 3):
 PSYoungGen      total 13824K, used 13769K [0x00000000d5580000, 0x00000000d6500000, 0x0000000100000000)
  eden space 13312K, 100% used [0x00000000d5580000,0x00000000d6280000,0x00000000d6280000)
  from space 512K, 89% used [0x00000000d6400000,0x00000000d6472400,0x00000000d6480000)
  to   space 512K, 0% used [0x00000000d6480000,0x00000000d6480000,0x00000000d6500000)
 ParOldGen       total 125952K, used 125538K [0x0000000080000000, 0x0000000087b00000, 0x00000000d5580000)
  object space 125952K, 99% used [0x0000000080000000,0x0000000087a98830,0x0000000087b00000)
 Metaspace       used 67665K, committed 69248K, reserved 1114112K
  class space    used 7104K, committed 7808K, reserved 1048576K
}
Event: 57.525 GC heap after
{Heap after GC invocations=235 (full 3):
 PSYoungGen      total 13824K, used 329K [0x00000000d5580000, 0x00000000d6500000, 0x0000000100000000)
  eden space 13312K, 0% used [0x00000000d5580000,0x00000000d5580000,0x00000000d6280000)
  from space 512K, 64% used [0x00000000d6480000,0x00000000d64d2400,0x00000000d6500000)
  to   space 512K, 0% used [0x00000000d6400000,0x00000000d6400000,0x00000000d6480000)
 ParOldGen       total 125952K, used 125626K [0x0000000080000000, 0x0000000087b00000, 0x00000000d5580000)
  object space 125952K, 99% used [0x0000000080000000,0x0000000087aae830,0x0000000087b00000)
 Metaspace       used 67665K, committed 69248K, reserved 1114112K
  class space    used 7104K, committed 7808K, reserved 1048576K
}

Dll operation events (10 events):
Event: 0.027 Loaded shared library c:\Users\bharath.kankarla\.vscode\extensions\redhat.java-1.54.0-win32-x64\jre\21.0.10-win32-x86_64\bin\java.dll
Event: 0.096 Loaded shared library c:\Users\bharath.kankarla\.vscode\extensions\redhat.java-1.54.0-win32-x64\jre\21.0.10-win32-x86_64\bin\zip.dll
Event: 0.122 Loaded shared library C:\Users\bharath.kankarla\.vscode\extensions\redhat.java-1.54.0-win32-x64\jre\21.0.10-win32-x86_64\bin\instrument.dll
Event: 0.132 Loaded shared library C:\Users\bharath.kankarla\.vscode\extensions\redhat.java-1.54.0-win32-x64\jre\21.0.10-win32-x86_64\bin\net.dll
Event: 0.138 Loaded shared library C:\Users\bharath.kankarla\.vscode\extensions\redhat.java-1.54.0-win32-x64\jre\21.0.10-win32-x86_64\bin\nio.dll
Event: 0.141 Loaded shared library C:\Users\bharath.kankarla\.vscode\extensions\redhat.java-1.54.0-win32-x64\jre\21.0.10-win32-x86_64\bin\zip.dll
Event: 0.165 Loaded shared library C:\Users\bharath.kankarla\.vscode\extensions\redhat.java-1.54.0-win32-x64\jre\21.0.10-win32-x86_64\bin\jimage.dll
Event: 0.235 Loaded shared library c:\Users\bharath.kankarla\.vscode\extensions\redhat.java-1.54.0-win32-x64\jre\21.0.10-win32-x86_64\bin\verify.dll
Event: 5.929 Loaded shared library C:\Users\bharath.kankarla\AppData\Roaming\Code\User\globalStorage\redhat.java\1.54.0\config_win\org.eclipse.equinox.launcher\org.eclipse.equinox.launcher.win32.win32.x86_64_1.3.0.v20260203-2149\eclipse_11919.dll
Event: 16.508 Loaded shared library C:\Users\bharath.kankarla\AppData\Local\Temp\jna-579854633\jna15768327271981262487.dll

Deoptimization events (20 events):
Event: 319.121 Thread 0x000001c094bf6010 Uncommon trap: trap_request=0xffffffde fr.pc=0x000001c04117165c relative=0x0000000000000b9c
Event: 319.121 Thread 0x000001c094bf6010 Uncommon trap: reason=class_check action=maybe_recompile pc=0x000001c04117165c method=java.io.DataOutputStream.write([BII)V @ 7 c2
Event: 319.121 Thread 0x000001c094bf6010 DEOPT PACKING pc=0x000001c04117165c sp=0x0000004e2f3fefe0
Event: 319.121 Thread 0x000001c094bf6010 DEOPT UNPACKING pc=0x000001c0407f3aa2 sp=0x0000004e2f3fef10 mode 2
Event: 319.122 Thread 0x000001c094bf6010 Uncommon trap: trap_request=0xffffffde fr.pc=0x000001c04117165c relative=0x0000000000000b9c
Event: 319.122 Thread 0x000001c094bf6010 Uncommon trap: reason=class_check action=maybe_recompile pc=0x000001c04117165c method=java.io.DataOutputStream.write([BII)V @ 7 c2
Event: 319.122 Thread 0x000001c094bf6010 DEOPT PACKING pc=0x000001c04117165c sp=0x0000004e2f3fef20
Event: 319.122 Thread 0x000001c094bf6010 DEOPT UNPACKING pc=0x000001c0407f3aa2 sp=0x0000004e2f3fee50 mode 2
Event: 319.122 Thread 0x000001c094bf6010 Uncommon trap: trap_request=0xffffffde fr.pc=0x000001c04117165c relative=0x0000000000000b9c
Event: 319.122 Thread 0x000001c094bf6010 Uncommon trap: reason=class_check action=maybe_recompile pc=0x000001c04117165c method=java.io.DataOutputStream.write([BII)V @ 7 c2
Event: 319.122 Thread 0x000001c094bf6010 DEOPT PACKING pc=0x000001c04117165c sp=0x0000004e2f3fee70
Event: 319.122 Thread 0x000001c094bf6010 DEOPT UNPACKING pc=0x000001c0407f3aa2 sp=0x0000004e2f3feda0 mode 2
Event: 319.122 Thread 0x000001c094bf6010 Uncommon trap: trap_request=0xffffffde fr.pc=0x000001c04117a664 relative=0x0000000000000424
Event: 319.122 Thread 0x000001c094bf6010 Uncommon trap: reason=class_check action=maybe_recompile pc=0x000001c04117a664 method=java.io.DataOutputStream.writeInt(I)V @ 19 c2
Event: 319.122 Thread 0x000001c094bf6010 DEOPT PACKING pc=0x000001c04117a664 sp=0x0000004e2f3fede0
Event: 319.122 Thread 0x000001c094bf6010 DEOPT UNPACKING pc=0x000001c0407f3aa2 sp=0x0000004e2f3fed88 mode 2
Event: 319.197 Thread 0x000001c094bf6010 Uncommon trap: trap_request=0xffffff45 fr.pc=0x000001c04149f2fc relative=0x00000000000007fc
Event: 319.197 Thread 0x000001c094bf6010 Uncommon trap: reason=unstable_if action=reinterpret pc=0x000001c04149f2fc method=java.io.InputStream.read([BII)I @ 52 c2
Event: 319.197 Thread 0x000001c094bf6010 DEOPT PACKING pc=0x000001c04149f2fc sp=0x0000004e2f3fef70
Event: 319.197 Thread 0x000001c094bf6010 DEOPT UNPACKING pc=0x000001c0407f3aa2 sp=0x0000004e2f3fef00 mode 2

Classes loaded (20 events):
Event: 56.120 Loading class java/util/stream/Nodes$IntArrayNode done
Event: 56.121 Loading class java/util/stream/Nodes$IntFixedNodeBuilder done
Event: 56.121 Loading class java/util/stream/ReferencePipeline$4$1
Event: 56.121 Loading class java/util/stream/ReferencePipeline$4$1 done
Event: 318.721 Loading class java/util/stream/Nodes$CollectorTask$OfRef
Event: 318.730 Loading class java/util/stream/Nodes$CollectorTask
Event: 318.736 Loading class java/util/stream/Nodes$CollectorTask done
Event: 318.736 Loading class java/util/stream/Nodes$CollectorTask$OfRef done
Event: 318.739 Loading class java/util/function/LongFunction
Event: 318.741 Loading class java/util/function/LongFunction done
Event: 318.746 Loading class java/util/stream/Nodes$ConcNode
Event: 318.748 Loading class java/util/stream/Nodes$AbstractConcNode
Event: 318.752 Loading class java/util/stream/Nodes$AbstractConcNode done
Event: 318.752 Loading class java/util/stream/Nodes$ConcNode done
Event: 318.967 Loading class java/io/ObjectOutputStream$BlockDataOutputStream
Event: 318.970 Loading class java/io/ObjectOutputStream$BlockDataOutputStream done
Event: 318.970 Loading class java/io/ObjectOutputStream$HandleTable
Event: 318.971 Loading class java/io/ObjectOutputStream$HandleTable done
Event: 318.972 Loading class java/io/ObjectOutputStream$ReplaceTable
Event: 318.973 Loading class java/io/ObjectOutputStream$ReplaceTable done

Classes unloaded (11 events):
Event: 17.591 Thread 0x000001c036003cc0 Unloading class 0x000001c04e1a8800 'java/lang/invoke/LambdaForm$MH+0x000001c04e1a8800'
Event: 17.591 Thread 0x000001c036003cc0 Unloading class 0x000001c04e1a8400 'java/lang/invoke/LambdaForm$MH+0x000001c04e1a8400'
Event: 17.591 Thread 0x000001c036003cc0 Unloading class 0x000001c04e1a8000 'java/lang/invoke/LambdaForm$MH+0x000001c04e1a8000'
Event: 17.591 Thread 0x000001c036003cc0 Unloading class 0x000001c04e1a7c00 'java/lang/invoke/LambdaForm$MH+0x000001c04e1a7c00'
Event: 17.591 Thread 0x000001c036003cc0 Unloading class 0x000001c04e1a7800 'java/lang/invoke/LambdaForm$BMH+0x000001c04e1a7800'
Event: 17.591 Thread 0x000001c036003cc0 Unloading class 0x000001c04e1a7400 'java/lang/invoke/LambdaForm$DMH+0x000001c04e1a7400'
Event: 17.591 Thread 0x000001c036003cc0 Unloading class 0x000001c04e1a6000 'java/lang/invoke/LambdaForm$DMH+0x000001c04e1a6000'
Event: 43.618 Thread 0x000001c036003cc0 Unloading class 0x000001c04e6a1400 'java/lang/invoke/LambdaForm$DMH+0x000001c04e6a1400'
Event: 43.618 Thread 0x000001c036003cc0 Unloading class 0x000001c04e6a0c00 'java/lang/invoke/LambdaForm$DMH+0x000001c04e6a0c00'
Event: 43.618 Thread 0x000001c036003cc0 Unloading class 0x000001c04e6a1000 'java/lang/invoke/LambdaForm$DMH+0x000001c04e6a1000'
Event: 43.618 Thread 0x000001c036003cc0 Unloading class 0x000001c04e6a0800 'java/lang/invoke/LambdaForm$DMH+0x000001c04e6a0800'

Classes redefined (0 events):
No events

Internal exceptions (20 events):
Event: 56.792 Thread 0x000001c0952c42a0 Exception <a 'sun/nio/fs/WindowsException'{0x00000000d57895c8}> (0x00000000d57895c8) 
thrown [s\src\hotspot\share\prims\jni.cpp, line 520]
Event: 56.970 Thread 0x000001c0952c42a0 Implicit null exception at 0x000001c04163d4fe to 0x000001c04163e6e4
Event: 56.970 Thread 0x000001c0952c42a0 Implicit null exception at 0x000001c041630c86 to 0x000001c041631b0c
Event: 57.075 Thread 0x000001c0952c42a0 Exception <a 'sun/nio/fs/WindowsException'{0x00000000d5755be8}> (0x00000000d5755be8) 
thrown [s\src\hotspot\share\prims\jni.cpp, line 520]
Event: 57.076 Thread 0x000001c0952c42a0 Exception <a 'sun/nio/fs/WindowsException'{0x00000000d57564e8}> (0x00000000d57564e8) 
thrown [s\src\hotspot\share\prims\jni.cpp, line 520]
Event: 57.164 Thread 0x000001c0952c42a0 Exception <a 'sun/nio/fs/WindowsException'{0x00000000d6021eb8}> (0x00000000d6021eb8) 
thrown [s\src\hotspot\share\prims\jni.cpp, line 520]
Event: 57.164 Thread 0x000001c0952c42a0 Exception <a 'sun/nio/fs/WindowsException'{0x00000000d60227b8}> (0x00000000d60227b8) 
thrown [s\src\hotspot\share\prims\jni.cpp, line 520]
Event: 57.205 Thread 0x000001c0952c42a0 Exception <a 'sun/nio/fs/WindowsException'{0x00000000d58b92f8}> (0x00000000d58b92f8) 
thrown [s\src\hotspot\share\prims\jni.cpp, line 520]
Event: 57.205 Thread 0x000001c0952c42a0 Exception <a 'sun/nio/fs/WindowsException'{0x00000000d58b9bf8}> (0x00000000d58b9bf8) 
thrown [s\src\hotspot\share\prims\jni.cpp, line 520]
Event: 57.327 Thread 0x000001c0952c42a0 Exception <a 'sun/nio/fs/WindowsException'{0x00000000d55bada0}> (0x00000000d55bada0) 
thrown [s\src\hotspot\share\prims\jni.cpp, line 520]
Event: 57.327 Thread 0x000001c0952c42a0 Exception <a 'sun/nio/fs/WindowsException'{0x00000000d55bb6a0}> (0x00000000d55bb6a0) 
thrown [s\src\hotspot\share\prims\jni.cpp, line 520]
Event: 57.427 Thread 0x000001c0952c42a0 Exception <a 'sun/nio/fs/WindowsException'{0x00000000d56acd80}> (0x00000000d56acd80) 
thrown [s\src\hotspot\share\prims\jni.cpp, line 520]
Event: 57.428 Thread 0x000001c0952c42a0 Exception <a 'sun/nio/fs/WindowsException'{0x00000000d56ad680}> (0x00000000d56ad680) 
thrown [s\src\hotspot\share\prims\jni.cpp, line 520]
Event: 57.564 Thread 0x000001c0952c42a0 Exception <a 'sun/nio/fs/WindowsException'{0x00000000d5d5f6a8}> (0x00000000d5d5f6a8) 
thrown [s\src\hotspot\share\prims\jni.cpp, line 520]
Event: 57.564 Thread 0x000001c0952c42a0 Exception <a 'sun/nio/fs/WindowsException'{0x00000000d5d5ffa8}> (0x00000000d5d5ffa8) 
thrown [s\src\hotspot\share\prims\jni.cpp, line 520]
Event: 318.918 Thread 0x000001c094bf6010 Exception <a 'sun/nio/fs/WindowsException'{0x00000000d5ef9ac0}> (0x00000000d5ef9ac0) 
thrown [s\src\hotspot\share\prims\jni.cpp, line 520]
Event: 318.921 Thread 0x000001c094bf6010 Exception <a 'sun/nio/fs/WindowsException'{0x00000000d5efa3c0}> (0x00000000d5efa3c0) 
thrown [s\src\hotspot\share\prims\jni.cpp, line 520]
Event: 318.929 Thread 0x000001c094bf6010 Implicit null exception at 0x000001c04109e186 to 0x000001c04109e50c
Event: 319.094 Thread 0x000001c094bf6010 Exception <a 'java/lang/NoSuchMethodError'{0x00000000d5fac668}: static [J.<clinit>()V> (0x00000000d5fac668) 
thrown [s\src\hotspot\share\prims\jni.cpp, line 1111]
Event: 319.138 Thread 0x000001c094bf6010 Exception <a 'java/lang/NoSuchMethodError'{0x00000000d5fdc980}: 'java.lang.Object java.lang.invoke.DirectMethodHandle$Holder.newInvokeSpecial(java.lang.Object, java.lang.Object, java.lang.Object, java.lang.Object, java.lang.Object, java.lang.Object, java.lang.Object, java.lang.Object)'> (0x00000000d5fdc980) 
thrown [s\src\hotspot\share\interpreter\linkResolver.cpp, line 773]

ZGC Phase Switch (0 events):
No events

VM Operations (20 events):
Event: 541.000 Executing non-safepoint VM operation: RendezvousGCThreads
Event: 541.000 Executing non-safepoint VM operation: RendezvousGCThreads done
Event: 583.326 Executing safepoint VM operation: Cleanup
Event: 583.326 Executing safepoint VM operation: Cleanup done
Event: 601.056 Executing non-safepoint VM operation: HandshakeAllThreads (HandshakeForDeflation)
Event: 601.056 Executing non-safepoint VM operation: HandshakeAllThreads (HandshakeForDeflation) done
Event: 601.056 Executing non-safepoint VM operation: RendezvousGCThreads
Event: 601.056 Executing non-safepoint VM operation: RendezvousGCThreads done
Event: 661.130 Executing non-safepoint VM operation: HandshakeAllThreads (HandshakeForDeflation)
Event: 661.130 Executing non-safepoint VM operation: HandshakeAllThreads (HandshakeForDeflation) done
Event: 661.130 Executing non-safepoint VM operation: RendezvousGCThreads
Event: 661.130 Executing non-safepoint VM operation: RendezvousGCThreads done
Event: 721.231 Executing non-safepoint VM operation: HandshakeAllThreads (HandshakeForDeflation)
Event: 721.232 Executing non-safepoint VM operation: HandshakeAllThreads (HandshakeForDeflation) done
Event: 721.232 Executing non-safepoint VM operation: RendezvousGCThreads
Event: 721.232 Executing non-safepoint VM operation: RendezvousGCThreads done
Event: 781.390 Executing non-safepoint VM operation: HandshakeAllThreads (HandshakeForDeflation)
Event: 781.390 Executing non-safepoint VM operation: HandshakeAllThreads (HandshakeForDeflation) done
Event: 781.390 Executing non-safepoint VM operation: RendezvousGCThreads
Event: 781.390 Executing non-safepoint VM operation: RendezvousGCThreads done

Memory protections (0 events):
No events

Nmethod flushes (20 events):
Event: 43.660 Thread 0x000001c036003cc0 flushing  nmethod 0x000001c039c45190
Event: 43.660 Thread 0x000001c036003cc0 flushing  nmethod 0x000001c039c45790
Event: 43.660 Thread 0x000001c036003cc0 flushing  nmethod 0x000001c039c45b90
Event: 43.660 Thread 0x000001c036003cc0 flushing  nmethod 0x000001c039c46190
Event: 43.660 Thread 0x000001c036003cc0 flushing  nmethod 0x000001c039c63c10
Event: 43.660 Thread 0x000001c036003cc0 flushing  nmethod 0x000001c039c65210
Event: 43.661 Thread 0x000001c036003cc0 flushing  nmethod 0x000001c039c89010
Event: 43.661 Thread 0x000001c036003cc0 flushing  nmethod 0x000001c039c90790
Event: 43.661 Thread 0x000001c036003cc0 flushing  nmethod 0x000001c039c93110
Event: 43.661 Thread 0x000001c036003cc0 flushing  nmethod 0x000001c039c9ef10
Event: 43.661 Thread 0x000001c036003cc0 flushing  nmethod 0x000001c039ca1610
Event: 43.661 Thread 0x000001c036003cc0 flushing  nmethod 0x000001c039ca1b10
Event: 43.661 Thread 0x000001c036003cc0 flushing  nmethod 0x000001c039ca2890
Event: 43.661 Thread 0x000001c036003cc0 flushing  nmethod 0x000001c039ca3910
Event: 43.661 Thread 0x000001c036003cc0 flushing  nmethod 0x000001c039ca3e90
Event: 43.661 Thread 0x000001c036003cc0 flushing  nmethod 0x000001c039ce4010
Event: 43.661 Thread 0x000001c036003cc0 flushing  nmethod 0x000001c039d0fc90
Event: 43.661 Thread 0x000001c036003cc0 flushing  nmethod 0x000001c039d10290
Event: 43.661 Thread 0x000001c036003cc0 flushing  nmethod 0x000001c039d11110
Event: 43.661 Thread 0x000001c036003cc0 flushing  nmethod 0x000001c039d19c90

Events (20 events):
Event: 335.591 Thread 0x000001c0955a30c0 Thread exited: 0x000001c0955a30c0
Event: 335.597 Thread 0x000001c0955a2a30 Thread exited: 0x000001c0955a2a30
Event: 335.597 Thread 0x000001c0955a3750 Thread exited: 0x000001c0955a3750
Event: 335.704 Thread 0x000001c0955a02d0 Thread exited: 0x000001c0955a02d0
Event: 335.720 Thread 0x000001c097beed60 Thread exited: 0x000001c097beed60
Event: 339.866 Thread 0x000001c0955a23a0 Thread exited: 0x000001c0955a23a0
Event: 357.612 Thread 0x000001c0952c7090 Thread exited: 0x000001c0952c7090
Event: 379.380 Thread 0x000001c094bf6010 Thread exited: 0x000001c094bf6010
Event: 395.728 Thread 0x000001c097bee6d0 Thread exited: 0x000001c097bee6d0
Event: 417.620 Thread 0x000001c0952c97f0 Thread exited: 0x000001c0952c97f0
Event: 455.734 Thread 0x000001c097bf07a0 Thread exited: 0x000001c097bf07a0
Event: 477.628 Thread 0x000001c0952c9160 Thread exited: 0x000001c0952c9160
Event: 515.749 Thread 0x000001c097bf0110 Thread exited: 0x000001c097bf0110
Event: 537.644 Thread 0x000001c0952c5650 Thread exited: 0x000001c0952c5650
Event: 575.761 Thread 0x000001c097bef3f0 Thread exited: 0x000001c097bef3f0
Event: 597.648 Thread 0x000001c0952c2ef0 Thread exited: 0x000001c0952c2ef0
Event: 635.763 Thread 0x000001c09559ce50 Thread exited: 0x000001c09559ce50
Event: 657.657 Thread 0x000001c0952c8440 Thread exited: 0x000001c0952c8440
Event: 695.766 Thread 0x000001c09559f5b0 Thread exited: 0x000001c09559f5b0
Event: 717.673 Thread 0x000001c0952c5ce0 Thread exited: 0x000001c0952c5ce0


Dynamic libraries:
0x00007ff622030000 - 0x00007ff62203e000 	c:\Users\bharath.kankarla\.vscode\extensions\redhat.java-1.54.0-win32-x64\jre\21.0.10-win32-x86_64\bin\java.exe
0x00007ff947f40000 - 0x00007ff9481a7000 	C:\WINDOWS\SYSTEM32\ntdll.dll
0x00007ff945ce0000 - 0x00007ff945da9000 	C:\WINDOWS\System32\KERNEL32.DLL
0x00007ff945040000 - 0x00007ff945431000 	C:\WINDOWS\System32\KERNELBASE.dll
0x00007ff936e70000 - 0x00007ff936f0f000 	C:\WINDOWS\SYSTEM32\apphelp.dll
0x00007ff944ad0000 - 0x00007ff944c1b000 	C:\WINDOWS\System32\ucrtbase.dll
0x00007ff8c3330000 - 0x00007ff8c334e000 	c:\Users\bharath.kankarla\.vscode\extensions\redhat.java-1.54.0-win32-x64\jre\21.0.10-win32-x86_64\bin\VCRUNTIME140.dll
0x00007ff8c4fa0000 - 0x00007ff8c4fb8000 	c:\Users\bharath.kankarla\.vscode\extensions\redhat.java-1.54.0-win32-x64\jre\21.0.10-win32-x86_64\bin\jli.dll
0x00007ff946480000 - 0x00007ff946645000 	C:\WINDOWS\System32\USER32.dll
0x00007ff945440000 - 0x00007ff945467000 	C:\WINDOWS\System32\win32u.dll
0x00007ff9467d0000 - 0x00007ff9467fb000 	C:\WINDOWS\System32\GDI32.dll
0x00007ff944f10000 - 0x00007ff94503b000 	C:\WINDOWS\System32\gdi32full.dll
0x00007ff9448b0000 - 0x00007ff944953000 	C:\WINDOWS\System32\msvcp_win.dll
0x00007ff943a20000 - 0x00007ff943cb3000 	C:\WINDOWS\WinSxS\amd64_microsoft.windows.common-controls_6595b64144ccf1df_6.0.26100.8037_none_3e092faae333b53b\COMCTL32.dll
0x00007ff947dd0000 - 0x00007ff947e79000 	C:\WINDOWS\System32\msvcrt.dll
0x00007ff946440000 - 0x00007ff946471000 	C:\WINDOWS\System32\IMM32.DLL
0x00007ff902730000 - 0x00007ff90273c000 	c:\Users\bharath.kankarla\.vscode\extensions\redhat.java-1.54.0-win32-x64\jre\21.0.10-win32-x86_64\bin\vcruntime140_1.dll
0x00007ff8b5cb0000 - 0x00007ff8b5d3d000 	c:\Users\bharath.kankarla\.vscode\extensions\redhat.java-1.54.0-win32-x64\jre\21.0.10-win32-x86_64\bin\msvcp140.dll
0x00007ff881b40000 - 0x00007ff8828e1000 	c:\Users\bharath.kankarla\.vscode\extensions\redhat.java-1.54.0-win32-x64\jre\21.0.10-win32-x86_64\bin\server\jvm.dll
0x00007ff946710000 - 0x00007ff9467cb000 	C:\WINDOWS\System32\ADVAPI32.dll
0x00007ff946e90000 - 0x00007ff946f37000 	C:\WINDOWS\System32\sechost.dll
0x00007ff946140000 - 0x00007ff946258000 	C:\WINDOWS\System32\RPCRT4.dll
0x00007ff947e80000 - 0x00007ff947ef4000 	C:\WINDOWS\System32\WS2_32.dll
0x00007ff944680000 - 0x00007ff9446de000 	C:\WINDOWS\SYSTEM32\POWRPROF.dll
0x00007ff9316e0000 - 0x00007ff931715000 	C:\WINDOWS\SYSTEM32\WINMM.dll
0x00007ff93d800000 - 0x00007ff93d80b000 	C:\WINDOWS\SYSTEM32\VERSION.dll
0x00007ff944660000 - 0x00007ff944674000 	C:\WINDOWS\SYSTEM32\UMPDC.dll
0x00007ff942c40000 - 0x00007ff942c5b000 	C:\WINDOWS\SYSTEM32\kernel.appcore.dll
0x00007ff901210000 - 0x00007ff90121a000 	c:\Users\bharath.kankarla\.vscode\extensions\redhat.java-1.54.0-win32-x64\jre\21.0.10-win32-x86_64\bin\jimage.dll
0x00007ff943fd0000 - 0x00007ff944212000 	C:\WINDOWS\SYSTEM32\DBGHELP.DLL
0x00007ff945db0000 - 0x00007ff946132000 	C:\WINDOWS\System32\combase.dll
0x00007ff946c90000 - 0x00007ff946d67000 	C:\WINDOWS\System32\OLEAUT32.dll
0x00007ff943ec0000 - 0x00007ff943efb000 	C:\WINDOWS\SYSTEM32\dbgcore.DLL
0x00007ff944a20000 - 0x00007ff944ac5000 	C:\WINDOWS\System32\bcryptPrimitives.dll
0x00007ff943f30000 - 0x00007ff943f3f000 	c:\Users\bharath.kankarla\.vscode\extensions\redhat.java-1.54.0-win32-x64\jre\21.0.10-win32-x86_64\bin\instrument.dll
0x00007ff8c2180000 - 0x00007ff8c21a0000 	c:\Users\bharath.kankarla\.vscode\extensions\redhat.java-1.54.0-win32-x64\jre\21.0.10-win32-x86_64\bin\java.dll
0x00007ff9475c0000 - 0x00007ff947d1f000 	C:\WINDOWS\System32\SHELL32.dll
0x00007ff944da0000 - 0x00007ff944f0a000 	C:\WINDOWS\System32\wintypes.dll
0x00007ff945470000 - 0x00007ff945cd4000 	C:\WINDOWS\System32\windows.storage.dll
0x00007ff946260000 - 0x00007ff946357000 	C:\WINDOWS\System32\SHCORE.dll
0x00007ff946650000 - 0x00007ff9466b7000 	C:\WINDOWS\System32\shlwapi.dll
0x00007ff944740000 - 0x00007ff944769000 	C:\WINDOWS\SYSTEM32\profapi.dll
0x00007ff8c0de0000 - 0x00007ff8c0df8000 	c:\Users\bharath.kankarla\.vscode\extensions\redhat.java-1.54.0-win32-x64\jre\21.0.10-win32-x86_64\bin\zip.dll
0x00007ff900270000 - 0x00007ff900280000 	C:\Users\bharath.kankarla\.vscode\extensions\redhat.java-1.54.0-win32-x64\jre\21.0.10-win32-x86_64\bin\net.dll
0x00007ff940250000 - 0x00007ff940377000 	C:\WINDOWS\SYSTEM32\WINHTTP.dll
0x00007ff943150000 - 0x00007ff9431bb000 	C:\WINDOWS\system32\mswsock.dll
0x00007ff8c0dc0000 - 0x00007ff8c0dd6000 	C:\Users\bharath.kankarla\.vscode\extensions\redhat.java-1.54.0-win32-x64\jre\21.0.10-win32-x86_64\bin\nio.dll
0x00007ff943f10000 - 0x00007ff943f20000 	c:\Users\bharath.kankarla\.vscode\extensions\redhat.java-1.54.0-win32-x64\jre\21.0.10-win32-x86_64\bin\verify.dll
0x00007ff92a210000 - 0x00007ff92a255000 	C:\Users\bharath.kankarla\AppData\Roaming\Code\User\globalStorage\redhat.java\1.54.0\config_win\org.eclipse.equinox.launcher\org.eclipse.equinox.launcher.win32.win32.x86_64_1.3.0.v20260203-2149\eclipse_11919.dll
0x00007ff946a60000 - 0x00007ff946bf5000 	C:\WINDOWS\System32\ole32.dll
0x00007ff944340000 - 0x00007ff94435b000 	C:\WINDOWS\SYSTEM32\CRYPTSP.dll
0x00007ff943620000 - 0x00007ff943659000 	C:\WINDOWS\system32\rsaenh.dll
0x00007ff9431c0000 - 0x00007ff9431f2000 	C:\WINDOWS\SYSTEM32\USERENV.dll
0x00007ff944710000 - 0x00007ff94473a000 	C:\WINDOWS\SYSTEM32\bcrypt.dll
0x00007ff943610000 - 0x00007ff94361c000 	C:\WINDOWS\SYSTEM32\CRYPTBASE.dll
0x00007ff9423b0000 - 0x00007ff9423e3000 	C:\WINDOWS\SYSTEM32\IPHLPAPI.DLL
0x00007ff9475b0000 - 0x00007ff9475ba000 	C:\WINDOWS\System32\NSI.dll
0x00007ff9137c0000 - 0x00007ff913809000 	C:\Users\bharath.kankarla\AppData\Local\Temp\jna-579854633\jna15768327271981262487.dll
0x00007ff946700000 - 0x00007ff946708000 	C:\WINDOWS\System32\PSAPI.DLL
0x00007ff940ac0000 - 0x00007ff940add000 	C:\WINDOWS\SYSTEM32\dhcpcsvc6.DLL
0x00007ff940a90000 - 0x00007ff940ab3000 	C:\WINDOWS\SYSTEM32\dhcpcsvc.DLL
0x00007ff943f90000 - 0x00007ff943fc6000 	C:\WINDOWS\SYSTEM32\ntmarta.dll

JVMTI agents:
c:\Users\bharath.kankarla\.vscode\extensions\redhat.java-1.54.0-win32-x64\lombok\lombok-1.18.39-4050.jar path:c:\Users\bharath.kankarla\.vscode\extensions\redhat.java-1.54.0-win32-x64\jre\21.0.10-win32-x86_64\bin\instrument.dll, loaded, initialized, instrumentlib options:none

dbghelp: loaded successfully - version: 4.0.5 - missing functions: none
symbol engine: initialized successfully - sym options: 0x614 - pdb path: .;c:\Users\bharath.kankarla\.vscode\extensions\redhat.java-1.54.0-win32-x64\jre\21.0.10-win32-x86_64\bin;C:\WINDOWS\SYSTEM32;C:\WINDOWS\WinSxS\amd64_microsoft.windows.common-controls_6595b64144ccf1df_6.0.26100.8037_none_3e092faae333b53b;c:\Users\bharath.kankarla\.vscode\extensions\redhat.java-1.54.0-win32-x64\jre\21.0.10-win32-x86_64\bin\server;C:\Users\bharath.kankarla\AppData\Roaming\Code\User\globalStorage\redhat.java\1.54.0\config_win\org.eclipse.equinox.launcher\org.eclipse.equinox.launcher.win32.win32.x86_64_1.3.0.v20260203-2149;C:\Users\bharath.kankarla\AppData\Local\Temp\jna-579854633

VM Arguments:
jvm_args: --add-modules=ALL-SYSTEM --add-opens=java.base/java.util=ALL-UNNAMED --add-opens=java.base/java.lang=ALL-UNNAMED --add-opens=java.base/sun.nio.fs=ALL-UNNAMED -Declipse.application=org.eclipse.jdt.ls.core.id1 -Dosgi.bundles.defaultStartLevel=4 -Declipse.product=org.eclipse.jdt.ls.core.product -Djava.import.generatesMetadataFilesAtProjectRoot=false -DDetectVMInstallationsJob.disabled=true -Dfile.encoding=utf8 -XX:+UseParallelGC -XX:GCTimeRatio=4 -XX:AdaptiveSizePolicyWeight=90 -Dsun.zip.disableMemoryMapping=true -Xmx2G -Xms100m -Xlog:disable -javaagent:c:\Users\bharath.kankarla\.vscode\extensions\redhat.java-1.54.0-win32-x64\lombok\lombok-1.18.39-4050.jar -XX:+HeapDumpOnOutOfMemoryError -XX:HeapDumpPath=c:\Users\bharath.kankarla\AppData\Roaming\Code\User\workspaceStorage\4c16e9bbfbd007fba7f467f0f456cc4e\redhat.java -Daether.dependencyCollector.impl=bf 
java_command: c:\Users\bharath.kankarla\.vscode\extensions\redhat.java-1.54.0-win32-x64\server\plugins\org.eclipse.equinox.launcher_1.7.100.v20251111-0406.jar -configuration c:\Users\bharath.kankarla\AppData\Roaming\Code\User\globalStorage\redhat.java\1.54.0\config_win -data c:\Users\bharath.kankarla\AppData\Roaming\Code\User\workspaceStorage\4c16e9bbfbd007fba7f467f0f456cc4e\redhat.java\jdt_ws --pipe=\\.\pipe\lsp-ad0b8859e6f4bd2ecb4087175797f6ec-sock
java_class_path (initial): c:\Users\bharath.kankarla\.vscode\extensions\redhat.java-1.54.0-win32-x64\server\plugins\org.eclipse.equinox.launcher_1.7.100.v20251111-0406.jar
Launcher Type: SUN_STANDARD

[Global flags]
    uintx AdaptiveSizePolicyWeight                 = 90                                        {product} {command line}
     intx CICompilerCount                          = 4                                         {product} {ergonomic}
    uintx GCTimeRatio                              = 4                                         {product} {command line}
     bool HeapDumpOnOutOfMemoryError               = true                                   {manageable} {command line}
    ccstr HeapDumpPath                             = c:\Users\bharath.kankarla\AppData\Roaming\Code\User\workspaceStorage\4c16e9bbfbd007fba7f467f0f456cc4e\redhat.java         {manageable} {command line}
   size_t InitialHeapSize                          = 104857600                                 {product} {command line}
   size_t MaxHeapSize                              = 2147483648                                {product} {command line}
   size_t MaxNewSize                               = 715653120                                 {product} {ergonomic}
   size_t MinHeapDeltaBytes                        = 524288                                    {product} {ergonomic}
   size_t MinHeapSize                              = 104857600                                 {product} {command line}
   size_t NewSize                                  = 34603008                                  {product} {ergonomic}
    uintx NonNMethodCodeHeapSize                   = 5839372                                {pd product} {ergonomic}
    uintx NonProfiledCodeHeapSize                  = 122909434                              {pd product} {ergonomic}
   size_t OldSize                                  = 70254592                                  {product} {ergonomic}
    uintx ProfiledCodeHeapSize                     = 122909434                              {pd product} {ergonomic}
    uintx ReservedCodeCacheSize                    = 251658240                              {pd product} {ergonomic}
     bool SegmentedCodeCache                       = true                                      {product} {ergonomic}
   size_t SoftMaxHeapSize                          = 2147483648                             {manageable} {ergonomic}
     bool UseCompressedOops                        = true                           {product lp64_product} {ergonomic}
     bool UseLargePagesIndividualAllocation        = false                                  {pd product} {ergonomic}
     bool UseParallelGC                            = true                                      {product} {command line}

Logging:
Log output configuration:
 #0: stdout all=off uptime,level,tags foldmultilines=false
 #1: stderr all=off uptime,level,tags foldmultilines=false

Release file:
JAVA_VERSION="21.0.10" 
MODULES="java.base java.compiler java.datatransfer java.xml java.prefs java.desktop java.instrument java.logging java.management java.security.sasl java.naming java.rmi java.management.rmi java.net.http java.scripting java.security.jgss java.transaction.xa java.sql java.sql.rowset java.xml.crypto java.se java.smartcardio jdk.accessibility jdk.internal.jvmstat jdk.attach jdk.charsets jdk.internal.opt jdk.zipfs jdk.compiler jdk.crypto.ec jdk.crypto.cryptoki jdk.crypto.mscapi jdk.dynalink jdk.internal.ed jdk.editpad jdk.hotspot.agent jdk.httpserver jdk.internal.le jdk.internal.vm.ci jdk.internal.vm.compiler jdk.internal.vm.compiler.management jdk.jartool jdk.javadoc jdk.jcmd jdk.management jdk.management.agent jdk.jconsole jdk.jdeps jdk.jdwp.agent jdk.jdi jdk.jfr jdk.jshell jdk.jsobject jdk.jstatd jdk.localedata jdk.management.jfr jdk.naming.dns jdk.naming.rmi jdk.net jdk.nio.mapmode jdk.random jdk.sctp jdk.security.auth jdk.security.jgss jdk.unsupported jdk.unsupported.desktop jdk.xml.dom" 

Environment Variables:
PATH=C:\Users\bharath.kankarla\AppData\Local\Programs\Microsoft VS Code;C:\Program Files\Common Files\Oracle\Java\javapath;C:\WINDOWS\system32;C:\WINDOWS;C:\WINDOWS\System32\Wbem;C:\WINDOWS\System32\WindowsPowerShell\v1.0\;C:\WINDOWS\System32\OpenSSH\;C:\Users\Kankarla Bharath\Downloads\apache-maven-3.9.6-bin\apache-maven-3.9.6\bin;C:\Users\Kankarla Bharath\Downloads\mongodb-database-tools-windows-x86_64-100.9.4\mongodb-database-tools-windows-x86_64-100.9.4\bin;C:\Program Files\Docker\Docker\resources\bin;C:\Program Files\PuTTY\;C:\Users\bharath.kankarla\Downloads\gradle-8.4-bin\gradle-8.4\bin;C:\Users\bharath.kankarla\Downloads\apache-maven-3.9.11-bin\apache-maven-3.9.11\bin;C:\Program Files\nodejs\;C:\Program Files\Java\jdk-21.0.10\bin;C:\Users\bharath.kankarla\AppData\Local\Microsoft\WindowsApps;C:\Users\bharath.kankarla\AppData\Local\Programs\mongosh\;C:\Users\bharath.kankarla\AppData\Local\Programs\Microsoft VS Code\bin;C:\Users\bharath.kankarla\AppData\Local\JetBrains\IntelliJ IDEA Community Edition 2024.3.5\bin;C:\Users\bharath.kankarla\AppData\Local\JetBrains\Toolbox\scripts;C:\Users\bharath.kankarla\AppData\Roaming\npm;D:\sms\Antigravity\bin;C:\Users\bharath.kankarla\AppData\Local\Programs\Git\cmd
USERNAME=bharath.kankarla
OS=Windows_NT
PROCESSOR_IDENTIFIER=Intel64 Family 6 Model 186 Stepping 3, GenuineIntel
TMP=C:\Users\BHARAT~1.KAN\AppData\Local\Temp
TEMP=C:\Users\BHARAT~1.KAN\AppData\Local\Temp




Periodic native trim disabled

---------------  S Y S T E M  ---------------

OS:
 Windows 11 , 64 bit Build 26100 (10.0.26100.7920)
OS uptime: 2 days 3:59 hours
Hyper-V role detected

CPU: total 12 (initial active 12) (6 cores per cpu, 2 threads per core) family 6 model 186 stepping 3 microcode 0x410e, cx8, cmov, fxsr, ht, mmx, 3dnowpref, sse, sse2, sse3, ssse3, sse4.1, sse4.2, popcnt, lzcnt, tsc, tscinvbit, avx, avx2, aes, erms, clmul, bmi1, bmi2, adx, sha, fma, vzeroupper, clflush, clflushopt, clwb, hv, serialize, rdtscp, rdpid, fsrm, f16c, cet_ibt, cet_ss
Processor Information for processor 0
  Max Mhz: 1300, Current Mhz: 1300, Mhz Limit: 1300
Processor Information for processor 1
  Max Mhz: 1300, Current Mhz: 1300, Mhz Limit: 1300
Processor Information for processor 2
  Max Mhz: 1300, Current Mhz: 1300, Mhz Limit: 1300
Processor Information for processor 3
  Max Mhz: 1300, Current Mhz: 1300, Mhz Limit: 1300
Processor Information for processor 4
  Max Mhz: 1300, Current Mhz: 900, Mhz Limit: 897
Processor Information for processor 5
  Max Mhz: 1300, Current Mhz: 900, Mhz Limit: 897
Processor Information for processor 6
  Max Mhz: 1300, Current Mhz: 900, Mhz Limit: 897
Processor Information for processor 7
  Max Mhz: 1300, Current Mhz: 900, Mhz Limit: 897
Processor Information for processor 8
  Max Mhz: 1300, Current Mhz: 900, Mhz Limit: 897
Processor Information for processor 9
  Max Mhz: 1300, Current Mhz: 900, Mhz Limit: 897
Processor Information for processor 10
  Max Mhz: 1300, Current Mhz: 900, Mhz Limit: 897
Processor Information for processor 11
  Max Mhz: 1300, Current Mhz: 900, Mhz Limit: 897

Memory: 4k page, system-wide physical 16068M (1016M free)
TotalPageFile size 41911M (AvailPageFile size 158M)
current process WorkingSet (physical memory assigned to process): 12M, peak: 413M
current process commit charge ("private bytes"): 429M, peak: 493M

vm_info: OpenJDK 64-Bit Server VM (21.0.10+7-LTS) for windows-amd64 JRE (21.0.10+7-LTS), built on 2026-01-20T00:00:00Z by "admin" with MS VC++ 17.12 (VS2022)

END.
